TN:
SF:/Users/neilanderson/Projects/tag/src/Index.js
FNF:0
FNH:0
DA:16,1
LF:1
LH:1
BRF:0
BRH:0
end_of_record
TN:
SF:/Users/neilanderson/Projects/tag/src/View.js
FN:23,View
FN:46,dialog
FN:68,_handleAppMessage
FN:96,_fire
FN:105,_warnScripts
FN:107,(anonymous_6)
FN:118,_loadScript
FN:127,_reset
FN:131,_createInternalEvents
FNF:9
FNH:2
FNDA:1,View
FNDA:0,dialog
FNDA:0,_handleAppMessage
FNDA:0,_fire
FNDA:0,_warnScripts
FNDA:0,(anonymous_6)
FNDA:0,_loadScript
FNDA:0,_reset
FNDA:1,_createInternalEvents
DA:16,1
DA:17,1
DA:23,1
DA:24,1
DA:25,1
DA:29,1
DA:31,1
DA:32,1
DA:34,1
DA:37,1
DA:50,0
DA:60,0
DA:69,0
DA:72,0
DA:73,0
DA:74,0
DA:75,0
DA:78,0
DA:79,0
DA:83,0
DA:85,0
DA:91,0
DA:97,0
DA:98,0
DA:106,0
DA:108,0
DA:115,0
DA:119,0
DA:120,0
DA:128,0
DA:132,1
DA:134,1
DA:139,1
DA:140,1
LF:34
LH:14
BRDA:23,0,0,1
BRDA:46,1,0,0
BRDA:46,2,0,0
BRDA:70,3,0,0
BRDA:70,3,1,0
BRDA:70,3,2,0
BRDA:83,4,0,0
BRDA:83,4,1,0
BRDA:97,5,0,0
BRDA:97,5,1,0
BRDA:97,6,0,0
BRDA:97,6,1,0
BRDA:119,7,0,0
BRDA:119,7,1,0
BRDA:134,8,0,1
BRDA:134,8,1,0
BRDA:134,9,0,1
BRDA:134,9,1,1
BRF:18
BRH:4
end_of_record
TN:
SF:/Users/neilanderson/Projects/tag/src/assets/common-prop-types.js
FNF:0
FNH:0
DA:1,1
DA:3,1
DA:5,1
DA:18,1
LF:4
LH:4
BRF:0
BRH:0
end_of_record
TN:
SF:/Users/neilanderson/Projects/tag/src/assets/constants.js
FNF:0
FNH:0
DA:9,1
DA:29,1
DA:36,1
DA:41,1
DA:48,1
DA:52,1
LF:6
LH:6
BRF:0
BRH:0
end_of_record
TN:
SF:/Users/neilanderson/Projects/tag/src/assets/default-state.js
FNF:0
FNH:0
DA:1,1
LF:1
LH:1
BRF:0
BRH:0
end_of_record
TN:
SF:/Users/neilanderson/Projects/tag/src/assets/dialogs.js
FN:31,createDialogs
FN:71,firstDropletDrop
FNF:2
FNH:1
FNDA:19,createDialogs
FNDA:0,firstDropletDrop
DA:1,1
DA:7,1
DA:32,19
DA:72,0
LF:4
LH:3
BRF:0
BRH:0
end_of_record
TN:
SF:/Users/neilanderson/Projects/tag/src/components/component-utils.jsx
FN:5,optionValueSet
FN:9,(anonymous_2)
FN:29,getFieldErrorMarkup
FNF:3
FNH:3
FNDA:4,optionValueSet
FNDA:12,(anonymous_2)
FNDA:8,getFieldErrorMarkup
DA:1,1
DA:3,1
DA:5,1
DA:6,4
DA:8,4
DA:9,4
DA:10,12
DA:11,12
DA:15,0
DA:16,0
DA:17,0
DA:23,4
DA:29,1
DA:30,8
DA:31,0
DA:38,8
LF:16
LH:12
BRDA:8,0,0,4
BRDA:8,0,1,0
BRDA:15,1,0,0
BRDA:15,1,1,0
BRDA:30,2,0,0
BRDA:30,2,1,8
BRF:6
BRH:2
end_of_record
TN:
SF:/Users/neilanderson/Projects/tag/src/components/containers/Canvas.jsx
FN:13,(anonymous_1)
FN:17,(anonymous_2)
FN:23,(anonymous_3)
FNF:3
FNH:2
FNDA:1,(anonymous_1)
FNDA:0,(anonymous_2)
FNDA:3,(anonymous_3)
DA:1,1
DA:2,1
DA:4,1
DA:5,1
DA:6,1
DA:7,1
DA:8,1
DA:9,1
DA:10,1
DA:14,1
DA:18,0
DA:19,0
DA:24,3
DA:29,3
DA:31,0
DA:34,3
DA:90,1
LF:17
LH:14
BRDA:18,0,0,0
BRDA:18,0,1,0
BRDA:29,1,0,0
BRDA:29,1,1,3
BRDA:29,2,0,3
BRDA:29,2,1,0
BRF:6
BRH:2
end_of_record
TN:
SF:/Users/neilanderson/Projects/tag/src/components/containers/HeaderContainer.js
FN:5,(anonymous_1)
FNF:1
FNH:0
FNDA:0,(anonymous_1)
DA:1,1
DA:3,1
DA:5,1
DA:6,0
DA:12,1
LF:5
LH:4
BRF:0
BRH:0
end_of_record
TN:
SF:/Users/neilanderson/Projects/tag/src/components/views/Icon.jsx
FNF:0
FNH:0
DA:4,1
DA:5,1
DA:6,1
DA:9,0
DA:11,0
DA:18,1
DA:23,1
DA:31,1
LF:8
LH:6
BRF:0
BRH:0
end_of_record
TN:
SF:/Users/neilanderson/Projects/tag/src/components/views/fields/DropDown.jsx
FN:6,DropDown
FNF:1
FNH:1
FNDA:4,DropDown
DA:1,1
DA:3,1
DA:4,1
DA:7,4
DA:9,4
DA:25,1
LF:6
LH:6
BRDA:7,0,0,4
BRDA:7,0,1,0
BRF:2
BRH:1
end_of_record
TN:
SF:/Users/neilanderson/Projects/tag/src/components/views/fields/TextField.jsx
FN:6,TextField
FNF:1
FNH:1
FNDA:4,TextField
DA:1,1
DA:3,1
DA:4,1
DA:7,4
DA:9,4
DA:25,1
LF:6
LH:6
BRDA:7,0,0,4
BRDA:7,0,1,0
BRF:2
BRH:1
end_of_record
TN:
SF:/Users/neilanderson/Projects/tag/src/img/svg-sprite.js
FN:10,(anonymous_1)
FN:30,(anonymous_2)
FNF:2
FNH:1
FNDA:0,(anonymous_1)
FNDA:223,(anonymous_2)
DA:1,1
DA:3,1
DA:4,1
DA:6,1
DA:8,1
DA:10,1
DA:11,0
DA:14,0
DA:15,0
DA:16,0
DA:19,0
DA:22,0
DA:25,0
DA:30,1
DA:31,223
DA:33,223
DA:35,223
LF:17
LH:10
BRDA:3,0,0,1
BRDA:3,0,1,0
BRDA:8,1,0,1
BRDA:8,1,1,0
BRF:4
BRH:2
end_of_record
TN:
SF:/Users/neilanderson/Projects/tag/src/lib/App.js
FN:51,App
FN:67,_init
FN:89,load
FN:91,(anonymous_4)
FN:98,(anonymous_5)
FN:102,(anonymous_6)
FN:158,(anonymous_7)
FN:167,_loadPalette
FN:178,_loadPaletteFromFile
FN:180,(anonymous_10)
FN:201,(anonymous_11)
FN:206,_loadPaletteFromArray
FN:220,_validate_state
FN:233,dialog
FN:252,hideDialog
FN:259,startTour
FN:267,reset
FN:271,(anonymous_18)
FN:290,updateView
FN:298,_requireUI
FNF:20
FNH:12
FNDA:9,App
FNDA:9,_init
FNDA:7,load
FNDA:6,(anonymous_4)
FNDA:6,(anonymous_5)
FNDA:3,(anonymous_6)
FNDA:4,(anonymous_7)
FNDA:6,_loadPalette
FNDA:5,_loadPaletteFromFile
FNDA:4,(anonymous_10)
FNDA:3,(anonymous_11)
FNDA:3,_loadPaletteFromArray
FNDA:0,_validate_state
FNDA:0,dialog
FNDA:0,hideDialog
FNDA:0,startTour
FNDA:0,reset
FNDA:0,(anonymous_18)
FNDA:0,updateView
FNDA:0,_requireUI
DA:23,1
DA:25,1
DA:26,1
DA:28,1
DA:29,1
DA:31,1
DA:32,1
DA:33,1
DA:34,1
DA:35,1
DA:37,1
DA:38,1
DA:40,1
DA:41,1
DA:42,1
DA:43,1
DA:44,1
DA:51,1
DA:52,9
DA:53,9
DA:54,9
DA:55,9
DA:58,9
DA:59,0
DA:63,9
DA:66,1
DA:68,9
DA:77,9
DA:83,9
DA:90,7
DA:93,6
DA:95,6
DA:96,6
DA:100,6
DA:103,3
DA:105,3
DA:108,0
DA:109,0
DA:111,0
DA:113,0
DA:117,3
DA:121,3
DA:143,3
DA:153,3
DA:156,3
DA:159,4
DA:168,6
DA:170,5
DA:171,1
DA:173,1
DA:174,1
DA:179,5
DA:183,4
DA:184,4
DA:186,1
DA:192,3
DA:193,2
DA:195,1
DA:202,3
DA:209,3
DA:210,6
DA:221,0
DA:234,0
DA:236,0
DA:237,0
DA:240,0
DA:253,0
DA:260,0
DA:261,0
DA:268,0
DA:270,0
DA:272,0
DA:274,0
DA:275,0
DA:278,0
DA:283,0
DA:291,0
DA:292,0
DA:299,0
DA:300,0
DA:308,1
DA:313,1
LF:82
LH:58
BRDA:51,0,0,9
BRDA:58,1,0,0
BRDA:58,1,1,9
BRDA:105,2,0,0
BRDA:105,2,1,3
BRDA:105,3,0,3
BRDA:105,3,1,0
BRDA:111,4,0,0
BRDA:111,4,1,0
BRDA:125,5,0,3
BRDA:125,5,1,3
BRDA:125,5,2,0
BRDA:168,6,0,5
BRDA:168,6,1,1
BRDA:171,7,0,1
BRDA:171,7,1,0
BRDA:192,8,0,2
BRDA:192,8,1,1
BRDA:192,9,0,3
BRDA:192,9,1,3
BRDA:233,10,0,0
BRDA:236,11,0,0
BRDA:236,11,1,0
BRDA:272,12,0,0
BRDA:272,12,1,0
BRDA:299,13,0,0
BRDA:299,13,1,0
BRF:27
BRH:13
end_of_record
TN:
SF:/Users/neilanderson/Projects/tag/src/lib/Communicator.js
FN:1,Communicator
FN:33,_sendPing
FN:51,_sendPong
FN:64,registerGuestAddress
FN:101,_setGuestData
FN:121,send
FN:140,_addToQueue
FN:151,_sendQueue
FN:177,_getGuestById
FN:185,_getGuestByNode
FN:204,_post
FN:228,_receiveMessage
FN:258,_setGuestLive
FN:264,_createMessage
FN:272,_generateSendId
FN:274,(anonymous_15)
FNF:16
FNH:3
FNDA:1,Communicator
FNDA:1,_sendPing
FNDA:0,_sendPong
FNDA:0,registerGuestAddress
FNDA:0,_setGuestData
FNDA:0,send
FNDA:0,_addToQueue
FNDA:0,_sendQueue
FNDA:0,_getGuestById
FNDA:0,_getGuestByNode
FNDA:0,_post
FNDA:0,_receiveMessage
FNDA:0,_setGuestLive
FNDA:1,_createMessage
FNDA:0,_generateSendId
FNDA:0,(anonymous_15)
DA:1,1
DA:2,1
DA:3,0
DA:6,1
DA:7,0
DA:10,1
DA:14,1
DA:15,1
DA:16,1
DA:17,1
DA:19,1
DA:20,1
DA:24,1
DA:26,1
DA:29,1
DA:34,1
DA:38,1
DA:39,1
DA:40,0
DA:41,1
DA:42,0
DA:46,1
DA:47,0
DA:52,0
DA:56,0
DA:65,0
DA:66,0
DA:72,0
DA:73,0
DA:79,0
DA:80,0
DA:84,0
DA:90,0
DA:91,0
DA:102,0
DA:103,0
DA:109,0
DA:122,0
DA:124,0
DA:126,0
DA:128,0
DA:131,0
DA:134,0
DA:141,0
DA:142,0
DA:145,0
DA:154,0
DA:156,0
DA:157,0
DA:168,0
DA:178,0
DA:188,0
DA:189,0
DA:191,0
DA:195,0
DA:207,0
DA:208,0
DA:210,0
DA:211,0
DA:216,0
DA:218,0
DA:221,0
DA:229,0
DA:230,0
DA:231,0
DA:234,0
DA:235,0
DA:237,0
DA:239,0
DA:241,0
DA:242,0
DA:244,0
DA:246,0
DA:250,0
DA:251,0
DA:259,0
DA:265,1
DA:273,0
DA:274,0
DA:275,0
DA:276,0
DA:279,0
LF:82
LH:19
BRDA:1,0,0,1
BRDA:2,1,0,0
BRDA:2,1,1,1
BRDA:6,2,0,0
BRDA:6,2,1,1
BRDA:38,3,0,1
BRDA:38,3,1,0
BRDA:39,4,0,0
BRDA:39,4,1,1
BRDA:41,5,0,0
BRDA:41,5,1,1
BRDA:46,6,0,0
BRDA:46,6,1,1
BRDA:65,7,0,0
BRDA:65,7,1,0
BRDA:72,8,0,0
BRDA:72,8,1,0
BRDA:79,9,0,0
BRDA:79,9,1,0
BRDA:90,10,0,0
BRDA:90,10,1,0
BRDA:102,11,0,0
BRDA:102,11,1,0
BRDA:121,12,0,0
BRDA:124,13,0,0
BRDA:124,13,1,0
BRDA:126,14,0,0
BRDA:126,14,1,0
BRDA:126,15,0,0
BRDA:126,15,1,0
BRDA:141,16,0,0
BRDA:141,16,1,0
BRDA:154,17,0,0
BRDA:154,17,1,0
BRDA:154,18,0,0
BRDA:154,18,1,0
BRDA:178,19,0,0
BRDA:178,19,1,0
BRDA:189,20,0,0
BRDA:189,20,1,0
BRDA:189,21,0,0
BRDA:189,21,1,0
BRDA:207,22,0,0
BRDA:207,22,1,0
BRDA:210,23,0,0
BRDA:210,23,1,0
BRDA:229,24,0,0
BRDA:229,24,1,0
BRDA:230,25,0,0
BRDA:230,25,1,0
BRDA:234,26,0,0
BRDA:234,26,1,0
BRDA:237,27,0,0
BRDA:237,27,1,0
BRDA:237,28,0,0
BRDA:237,28,1,0
BRDA:237,28,2,0
BRDA:239,29,0,0
BRDA:239,29,1,0
BRDA:244,30,0,0
BRDA:244,30,1,0
BRDA:250,31,0,0
BRDA:250,31,1,0
BRDA:250,32,0,0
BRDA:250,32,1,0
BRDA:273,33,0,0
BRDA:273,33,1,0
BRDA:273,34,0,0
BRDA:273,34,1,0
BRDA:276,35,0,0
BRDA:276,35,1,0
BRF:71
BRH:7
end_of_record
TN:
SF:/Users/neilanderson/Projects/tag/src/lib/DragDrop.js
FN:9,DragDrop
FN:21,addDragable
FN:29,(anonymous_3)
FN:33,(anonymous_4)
FN:45,addDropable
FN:49,(anonymous_6)
FN:53,(anonymous_7)
FN:59,(anonymous_8)
FN:65,(anonymous_9)
FN:70,(anonymous_10)
FN:79,resetDragPosition
FN:85,getDragInstance
FN:86,(anonymous_13)
FN:91,_createInstance
FN:103,Dragable
FN:114,setDragable
FN:117,(anonymous_17)
FN:127,resetPosition
FN:142,Dropable
FN:150,setDropable
FNF:20
FNH:1
FNDA:1,DragDrop
FNDA:0,addDragable
FNDA:0,(anonymous_3)
FNDA:0,(anonymous_4)
FNDA:0,addDropable
FNDA:0,(anonymous_6)
FNDA:0,(anonymous_7)
FNDA:0,(anonymous_8)
FNDA:0,(anonymous_9)
FNDA:0,(anonymous_10)
FNDA:0,resetDragPosition
FNDA:0,getDragInstance
FNDA:0,(anonymous_13)
FNDA:0,_createInstance
FNDA:0,Dragable
FNDA:0,setDragable
FNDA:0,(anonymous_17)
FNDA:0,resetPosition
FNDA:0,Dropable
FNDA:0,setDropable
DA:1,1
DA:3,1
DA:9,1
DA:10,1
DA:11,1
DA:12,1
DA:14,1
DA:20,1
DA:22,0
DA:25,0
DA:28,0
DA:30,0
DA:31,0
DA:34,0
DA:35,0
DA:37,0
DA:38,0
DA:42,0
DA:46,0
DA:48,0
DA:51,0
DA:55,0
DA:61,0
DA:66,0
DA:67,0
DA:72,0
DA:73,0
DA:76,0
DA:80,0
DA:81,0
DA:86,0
DA:87,0
DA:92,0
DA:103,1
DA:104,0
DA:106,0
DA:107,0
DA:110,1
DA:115,0
DA:118,0
DA:119,0
DA:121,0
DA:128,0
DA:129,0
DA:131,0
DA:142,1
DA:143,0
DA:146,1
DA:151,0
LF:49
LH:12
BRDA:9,0,0,1
BRDA:21,1,0,0
BRDA:21,2,0,0
BRDA:37,3,0,0
BRDA:37,3,1,0
BRDA:45,4,0,0
BRDA:45,5,0,0
BRDA:66,6,0,0
BRDA:66,6,1,0
BRDA:80,7,0,0
BRDA:80,7,1,0
BRDA:117,8,0,0
BRDA:117,8,1,0
BRF:13
BRH:1
end_of_record
TN:
SF:/Users/neilanderson/Projects/tag/src/lib/DropZone.js
FN:9,DropZone
FN:21,willAccept
FN:57,(anonymous_3)
FN:77,(anonymous_4)
FN:117,(anonymous_5)
FNF:5
FNH:1
FNDA:1,DropZone
FNDA:0,willAccept
FNDA:0,(anonymous_3)
FNDA:0,(anonymous_4)
FNDA:0,(anonymous_5)
DA:1,1
DA:2,1
DA:4,1
DA:9,1
DA:10,1
DA:11,1
DA:12,1
DA:13,1
DA:16,1
DA:22,0
DA:25,0
DA:26,0
DA:29,0
DA:31,0
DA:33,0
DA:34,0
DA:39,0
DA:40,0
DA:44,0
DA:46,0
DA:49,0
DA:57,1
DA:61,0
DA:62,0
DA:64,0
DA:71,0
DA:77,1
DA:80,0
DA:82,0
DA:83,0
DA:93,0
DA:100,0
DA:108,0
DA:111,0
DA:117,1
DA:120,0
DA:122,0
DA:123,0
DA:126,0
DA:128,0
DA:129,0
DA:132,0
DA:133,0
DA:136,0
DA:142,1
DA:151,1
LF:46
LH:14
BRDA:9,0,0,0
BRDA:13,1,0,0
BRDA:13,1,1,1
BRDA:25,2,0,0
BRDA:25,2,1,0
BRDA:29,3,0,0
BRDA:29,3,1,0
BRDA:33,4,0,0
BRDA:33,4,1,0
BRDA:33,5,0,0
BRDA:33,5,1,0
BRDA:39,6,0,0
BRDA:39,6,1,0
BRDA:39,7,0,0
BRDA:39,7,1,0
BRDA:44,8,0,0
BRDA:44,8,1,0
BRDA:44,9,0,0
BRDA:44,9,1,0
BRDA:62,10,0,0
BRDA:62,10,1,0
BRDA:62,11,0,0
BRDA:62,11,1,0
BRDA:80,12,0,0
BRDA:80,12,1,0
BRDA:80,13,0,0
BRDA:80,13,1,0
BRDA:82,14,0,0
BRDA:82,14,1,0
BRDA:82,15,0,0
BRDA:82,15,1,0
BRDA:93,16,0,0
BRDA:93,16,1,0
BRDA:94,17,0,0
BRDA:94,17,1,0
BRDA:94,17,2,0
BRDA:94,17,3,0
BRDA:113,18,0,0
BRDA:113,18,1,0
BRDA:113,19,0,0
BRDA:113,19,1,0
BRDA:120,20,0,0
BRDA:120,20,1,0
BRF:43
BRH:1
end_of_record
TN:
SF:/Users/neilanderson/Projects/tag/src/lib/Droplet.js
FN:23,Droplet
FN:44,init
FN:71,_setExtraFields
FN:92,(anonymous_4)
FN:113,(anonymous_5)
FN:155,(anonymous_6)
FNF:6
FNH:6
FNDA:15,Droplet
FNDA:15,init
FNDA:14,_setExtraFields
FNDA:101,(anonymous_4)
FNDA:23,(anonymous_5)
FNDA:6,(anonymous_6)
DA:13,1
DA:14,1
DA:16,1
DA:23,1
DA:24,15
DA:25,14
DA:27,1
DA:30,15
DA:31,15
DA:32,15
DA:33,15
DA:34,15
DA:36,15
DA:39,1
DA:46,15
DA:55,15
DA:59,14
DA:60,14
DA:63,1
DA:72,14
DA:74,8
DA:75,8
DA:78,5
DA:79,5
DA:82,1
DA:83,1
DA:92,30
DA:93,101
DA:94,100
DA:100,100
DA:103,1
DA:113,1
DA:115,23
DA:118,23
DA:119,15
DA:123,8
DA:127,7
DA:129,7
DA:132,7
DA:136,1
DA:142,6
DA:143,2
DA:144,2
DA:147,4
DA:152,3
DA:155,1
DA:156,6
DA:158,6
DA:159,1
DA:163,5
DA:164,1
DA:168,4
DA:169,1
DA:173,3
DA:175,3
DA:192,1
DA:205,1
DA:209,1
LF:58
LH:58
BRDA:23,0,0,0
BRDA:24,1,0,14
BRDA:24,1,1,1
BRDA:56,2,0,5
BRDA:56,2,1,13
BRDA:56,2,2,14
BRDA:56,2,3,1
BRDA:73,3,0,8
BRDA:73,3,1,5
BRDA:73,3,2,1
BRDA:93,4,0,100
BRDA:93,4,1,1
BRDA:94,5,0,100
BRDA:94,5,1,0
BRDA:97,6,0,100
BRDA:97,6,1,0
BRDA:98,7,0,100
BRDA:98,7,1,0
BRDA:118,8,0,15
BRDA:118,8,1,8
BRDA:123,9,0,7
BRDA:123,9,1,0
BRDA:132,10,0,1
BRDA:132,10,1,6
BRDA:133,11,0,7
BRDA:133,11,1,7
BRDA:142,12,0,2
BRDA:142,12,1,4
BRDA:158,13,0,1
BRDA:158,13,1,5
BRDA:163,14,0,1
BRDA:163,14,1,4
BRDA:168,15,0,1
BRDA:168,15,1,3
BRF:34
BRH:29
end_of_record
TN:
SF:/Users/neilanderson/Projects/tag/src/lib/FormField.js
FN:24,FormField
FN:30,_setNameAndType
FN:45,_validateAndSet
FN:69,(anonymous_3)
FN:111,(anonymous_4)
FN:134,(anonymous_5)
FNF:6
FNH:6
FNDA:18,FormField
FNDA:18,_setNameAndType
FNDA:10,_validateAndSet
FNDA:34,(anonymous_3)
FNDA:13,(anonymous_4)
FNDA:10,(anonymous_5)
DA:24,1
DA:25,18
DA:26,10
DA:29,1
DA:31,18
DA:32,5
DA:34,13
DA:37,13
DA:39,3
DA:41,10
DA:46,10
DA:48,10
DA:53,10
DA:56,10
DA:57,10
DA:58,10
DA:59,10
DA:61,10
DA:69,1
DA:70,34
DA:73,34
DA:75,2
DA:79,32
DA:80,13
DA:84,31
DA:85,1
DA:89,30
DA:90,10
DA:94,27
DA:95,1
DA:101,26
DA:103,2
DA:108,24
DA:111,1
DA:113,13
DA:115,13
DA:116,9
DA:117,27
DA:118,0
DA:121,4
DA:122,3
DA:123,9
DA:124,0
DA:127,1
DA:128,1
DA:131,12
DA:134,1
DA:135,10
DA:138,1
DA:143,9
DA:145,6
DA:153,2
DA:160,1
LF:53
LH:51
BRDA:24,0,0,8
BRDA:31,1,0,5
BRDA:31,1,1,13
BRDA:37,2,0,3
BRDA:37,2,1,10
BRDA:37,3,0,13
BRDA:37,3,1,11
BRDA:48,4,0,10
BRDA:48,4,1,0
BRDA:61,5,0,2
BRDA:61,5,1,8
BRDA:73,6,0,2
BRDA:73,6,1,32
BRDA:73,7,0,34
BRDA:73,7,1,4
BRDA:73,7,2,3
BRDA:79,8,0,13
BRDA:79,8,1,19
BRDA:84,9,0,1
BRDA:84,9,1,30
BRDA:84,10,0,31
BRDA:84,10,1,1
BRDA:89,11,0,10
BRDA:89,11,1,20
BRDA:94,12,0,1
BRDA:94,12,1,26
BRDA:94,13,0,27
BRDA:94,13,1,12
BRDA:101,14,0,2
BRDA:101,14,1,24
BRDA:101,15,0,26
BRDA:101,15,1,3
BRDA:101,15,2,2
BRDA:115,16,0,9
BRDA:115,16,1,4
BRDA:117,17,0,0
BRDA:117,17,1,27
BRDA:121,18,0,3
BRDA:121,18,1,1
BRDA:121,19,0,4
BRDA:121,19,1,4
BRDA:123,20,0,0
BRDA:123,20,1,9
BRDA:123,21,0,9
BRDA:123,21,1,9
BRDA:127,22,0,1
BRDA:127,22,1,0
BRDA:135,23,0,1
BRDA:135,23,1,9
BRDA:135,24,0,10
BRDA:135,24,1,9
BRDA:135,24,2,2
BRDA:143,25,0,6
BRDA:143,25,1,3
BRDA:145,26,0,2
BRDA:145,26,1,4
BRDA:146,27,0,6
BRDA:146,27,1,4
BRDA:146,27,2,5
BRDA:146,27,3,5
BRDA:146,27,4,2
BRF:61
BRH:57
end_of_record
TN:
SF:/Users/neilanderson/Projects/tag/src/lib/PropTypes.js
FN:5,chain
FN:8,(anonymous_1)
FN:12,(anonymous_2)
FN:31,assert
FN:48,isRequired
FN:54,stringNotEmpty
FN:60,string
FN:74,object
FN:86,array
FN:94,arrayOf
FN:100,(anonymous_10)
FNF:11
FNH:10
FNDA:8,chain
FNDA:79,(anonymous_1)
FNDA:178,(anonymous_2)
FNDA:214,assert
FNDA:62,isRequired
FNDA:24,stringNotEmpty
FNDA:69,string
FNDA:10,object
FNDA:22,array
FNDA:0,arrayOf
FNDA:17,(anonymous_10)
DA:6,8
DA:8,8
DA:9,79
DA:12,79
DA:13,178
DA:14,2
DA:18,77
DA:34,214
DA:35,12
DA:36,2
DA:39,12
DA:42,12
DA:44,202
DA:49,62
DA:55,24
DA:61,69
DA:70,1
DA:71,1
DA:72,1
DA:75,10
DA:84,1
DA:87,22
DA:92,1
DA:96,1
DA:101,17
DA:104,17
DA:105,19
DA:108,17
DA:118,1
LF:29
LH:29
BRDA:13,0,0,2
BRDA:13,0,1,174
BRDA:34,1,0,12
BRDA:34,1,1,202
BRDA:35,2,0,2
BRDA:35,2,1,10
BRDA:36,3,0,2
BRDA:36,3,1,0
BRDA:40,4,0,2
BRDA:40,4,1,10
BRDA:56,5,0,24
BRDA:56,5,1,23
BRDA:62,6,0,69
BRDA:62,6,1,53
BRDA:76,7,0,10
BRDA:76,7,1,6
BRDA:105,8,0,19
BRDA:105,8,1,0
BRF:18
BRH:16
end_of_record
TN:
SF:/Users/neilanderson/Projects/tag/src/lib/Storage.js
FN:6,Storage
FN:12,get
FN:28,set
FNF:3
FNH:3
FNDA:10,Storage
FNDA:6,get
FNDA:3,set
DA:1,1
DA:3,1
DA:4,1
DA:6,1
DA:7,10
DA:8,10
DA:11,1
DA:15,6
DA:17,0
DA:18,0
DA:19,0
DA:21,0
DA:25,6
DA:29,3
DA:30,0
LF:15
LH:10
BRDA:3,0,0,1
BRDA:3,0,1,1
BRDA:4,1,0,1
BRDA:4,1,1,1
BRDA:15,2,0,0
BRDA:15,2,1,6
BRDA:15,3,0,6
BRDA:15,3,1,0
BRDA:29,4,0,0
BRDA:29,4,1,3
BRF:10
BRH:7
end_of_record
TN:
SF:/Users/neilanderson/Projects/tag/src/lib/Template.js
FN:5,Template
FN:14,load
FN:16,(anonymous_3)
FN:21,(anonymous_4)
FN:26,create
FN:37,_createDropZones
FN:71,_createTemplateArray
FN:98,renderAsHTML
FN:101,(anonymous_9)
FN:107,(anonymous_10)
FN:125,(anonymous_11)
FN:149,(anonymous_12)
FN:185,(anonymous_13)
FN:196,(anonymous_14)
FN:212,(anonymous_15)
FN:213,(anonymous_16)
FN:233,(anonymous_17)
FNF:17
FNH:1
FNDA:1,Template
FNDA:0,load
FNDA:0,(anonymous_3)
FNDA:0,(anonymous_4)
FNDA:0,create
FNDA:0,_createDropZones
FNDA:0,_createTemplateArray
FNDA:0,renderAsHTML
FNDA:0,(anonymous_9)
FNDA:0,(anonymous_10)
FNDA:0,(anonymous_11)
FNDA:0,(anonymous_12)
FNDA:0,(anonymous_13)
FNDA:0,(anonymous_14)
FNDA:0,(anonymous_15)
FNDA:0,(anonymous_16)
FNDA:0,(anonymous_17)
DA:1,1
DA:2,1
DA:3,1
DA:5,1
DA:6,1
DA:7,1
DA:8,1
DA:9,1
DA:10,1
DA:13,1
DA:15,0
DA:17,0
DA:18,0
DA:22,0
DA:27,0
DA:28,0
DA:32,0
DA:34,0
DA:38,0
DA:41,0
DA:42,0
DA:43,0
DA:45,0
DA:46,0
DA:53,0
DA:54,0
DA:63,0
DA:65,0
DA:72,0
DA:73,0
DA:75,0
DA:77,0
DA:78,0
DA:80,0
DA:84,0
DA:87,0
DA:91,0
DA:95,0
DA:99,0
DA:101,0
DA:102,0
DA:104,0
DA:105,0
DA:107,0
DA:108,0
DA:109,0
DA:111,0
DA:121,0
DA:125,1
DA:128,0
DA:129,0
DA:132,0
DA:134,0
DA:135,0
DA:138,0
DA:139,0
DA:142,0
DA:143,0
DA:146,0
DA:149,1
DA:151,0
DA:152,0
DA:155,0
DA:157,0
DA:158,0
DA:159,0
DA:162,0
DA:163,0
DA:167,0
DA:168,0
DA:169,0
DA:170,0
DA:172,0
DA:175,0
DA:182,0
DA:185,1
DA:186,0
DA:193,0
DA:196,1
DA:197,0
DA:202,0
DA:209,0
DA:212,1
DA:213,0
DA:214,0
DA:233,1
DA:234,0
DA:242,1
LF:88
LH:17
BRDA:5,0,0,1
BRDA:17,1,0,0
BRDA:17,1,1,0
BRDA:26,2,0,0
BRDA:27,3,0,0
BRDA:27,3,1,0
BRDA:45,4,0,0
BRDA:45,4,1,0
BRDA:79,5,0,0
BRDA:79,5,1,0
BRDA:102,6,0,0
BRDA:102,6,1,0
BRDA:105,7,0,0
BRDA:105,7,1,0
BRDA:105,8,0,0
BRDA:105,8,1,0
BRDA:125,9,0,0
BRDA:128,10,0,0
BRDA:128,10,1,0
BRDA:133,11,0,0
BRDA:133,11,1,0
BRDA:133,11,2,0
BRDA:157,12,0,0
BRDA:157,12,1,0
BRDA:162,13,0,0
BRDA:162,13,1,0
BRDA:167,14,0,0
BRDA:167,14,1,0
BRDA:167,15,0,0
BRDA:167,15,1,0
BRDA:169,16,0,0
BRDA:169,16,1,0
BRDA:182,17,0,0
BRDA:182,17,1,0
BRF:34
BRH:1
end_of_record
TN:
SF:/Users/neilanderson/Projects/tag/src/lib/Tour.js
FN:9,Tour
FN:17,intro
FN:19,(anonymous_3)
FN:31,start
FN:39,_progressTour
FN:51,(anonymous_6)
FN:85,_setTourStage
FNF:7
FNH:7
FNDA:6,Tour
FNDA:1,intro
FNDA:1,(anonymous_3)
FNDA:1,start
FNDA:1,_progressTour
FNDA:1,(anonymous_6)
FNDA:3,_setTourStage
DA:1,1
DA:2,1
DA:9,1
DA:10,6
DA:13,1
DA:18,1
DA:20,1
DA:22,1
DA:23,0
DA:32,1
DA:43,1
DA:44,1
DA:45,1
DA:48,1
DA:49,1
DA:50,1
DA:52,1
DA:55,1
DA:57,0
DA:58,1
DA:60,0
DA:65,0
DA:66,0
DA:75,1
DA:86,3
LF:25
LH:20
BRDA:22,0,0,0
BRDA:22,0,1,1
BRDA:39,1,0,1
BRDA:43,2,0,1
BRDA:43,2,1,0
BRDA:45,3,0,0
BRDA:45,3,1,1
BRDA:48,4,0,1
BRDA:48,4,1,0
BRDA:55,5,0,0
BRDA:55,5,1,1
BRDA:58,6,0,0
BRDA:58,6,1,1
BRF:13
BRH:7
end_of_record
TN:
SF:/Users/neilanderson/Projects/tag/src/lib/UI.jsx
FN:31,UI
FN:128,render
FN:152,_handleAppMessage
FN:176,_showDialog
FN:177,(anonymous_5)
FN:181,(anonymous_6)
FN:184,(anonymous_7)
FN:197,_hideDialog
FN:200,(anonymous_9)
FN:219,(anonymous_10)
FN:247,_refCollector
FN:269,_mountEvent
FN:335,_queueDragDropBinding
FN:350,_setDragDropBindings
FN:356,(anonymous_15)
FN:362,(anonymous_16)
FN:391,_handleDropletDrop
FN:405,_handleAttachmentClick
FN:415,(anonymous_19)
FN:436,_handleDropletEvent
FN:456,_handleDropZoneEvent
FN:472,_handleDragHandleEvent
FN:546,_handleWindowResize
FN:562,_setTemplateViewRatio
FN:573,_isValidDrop
FN:582,attachDropletToDropZone
FN:595,(anonymous_27)
FN:631,_postDropletAttachment
FN:695,_commitDropletIntoDropZone
FN:724,zoneAddAttachment
FN:743,zoneEditAttachment
FN:760,zoneDetachAttachment
FN:772,zoneGetAttachment
FN:790,_updateView
FN:810,_getReferencedElement
FN:828,getDropletById
FN:829,(anonymous_37)
FN:838,getDropZoneById
FN:852,_setUIPopperAttachment
FNF:39
FNH:1
FNDA:1,UI
FNDA:0,render
FNDA:0,_handleAppMessage
FNDA:0,_showDialog
FNDA:0,(anonymous_5)
FNDA:0,(anonymous_6)
FNDA:0,(anonymous_7)
FNDA:0,_hideDialog
FNDA:0,(anonymous_9)
FNDA:0,(anonymous_10)
FNDA:0,_refCollector
FNDA:0,_mountEvent
FNDA:0,_queueDragDropBinding
FNDA:0,_setDragDropBindings
FNDA:0,(anonymous_15)
FNDA:0,(anonymous_16)
FNDA:0,_handleDropletDrop
FNDA:0,_handleAttachmentClick
FNDA:0,(anonymous_19)
FNDA:0,_handleDropletEvent
FNDA:0,_handleDropZoneEvent
FNDA:0,_handleDragHandleEvent
FNDA:0,_handleWindowResize
FNDA:0,_setTemplateViewRatio
FNDA:0,_isValidDrop
FNDA:0,attachDropletToDropZone
FNDA:0,(anonymous_27)
FNDA:0,_postDropletAttachment
FNDA:0,_commitDropletIntoDropZone
FNDA:0,zoneAddAttachment
FNDA:0,zoneEditAttachment
FNDA:0,zoneDetachAttachment
FNDA:0,zoneGetAttachment
FNDA:0,_updateView
FNDA:0,_getReferencedElement
FNDA:0,getDropletById
FNDA:0,(anonymous_37)
FNDA:0,getDropZoneById
FNDA:0,_setUIPopperAttachment
DA:9,1
DA:10,1
DA:11,1
DA:12,1
DA:14,1
DA:15,1
DA:16,1
DA:17,1
DA:18,1
DA:20,1
DA:22,1
DA:23,1
DA:25,1
DA:31,1
DA:35,1
DA:40,1
DA:45,1
DA:50,1
DA:55,1
DA:60,1
DA:65,1
DA:68,1
DA:84,1
DA:88,1
DA:91,1
DA:107,1
DA:108,1
DA:111,1
DA:112,0
DA:116,1
DA:120,1
DA:123,1
DA:129,0
DA:153,0
DA:156,0
DA:162,0
DA:177,0
DA:178,0
DA:182,0
DA:185,0
DA:198,0
DA:200,0
DA:201,0
DA:203,0
DA:205,0
DA:211,0
DA:220,0
DA:222,0
DA:224,0
DA:232,0
DA:248,0
DA:249,0
DA:250,0
DA:251,0
DA:254,0
DA:256,0
DA:270,0
DA:272,0
DA:275,0
DA:280,0
DA:281,0
DA:282,0
DA:286,0
DA:287,0
DA:291,0
DA:295,0
DA:298,0
DA:303,0
DA:306,0
DA:312,0
DA:315,0
DA:318,0
DA:336,0
DA:338,0
DA:341,0
DA:352,0
DA:357,0
DA:362,0
DA:363,0
DA:366,0
DA:367,0
DA:373,0
DA:374,0
DA:375,0
DA:376,0
DA:392,0
DA:393,0
DA:395,0
DA:406,0
DA:408,0
DA:410,0
DA:416,0
DA:418,0
DA:419,0
DA:423,0
DA:424,0
DA:439,0
DA:440,0
DA:442,0
DA:443,0
DA:445,0
DA:457,0
DA:460,0
DA:463,0
DA:475,0
DA:478,0
DA:479,0
DA:480,0
DA:486,0
DA:496,0
DA:499,0
DA:503,0
DA:505,0
DA:507,0
DA:508,0
DA:513,0
DA:518,0
DA:522,0
DA:524,0
DA:526,0
DA:528,0
DA:531,0
DA:536,0
DA:538,0
DA:547,0
DA:548,0
DA:552,0
DA:563,0
DA:564,0
DA:574,0
DA:584,0
DA:587,0
DA:588,0
DA:590,0
DA:596,0
DA:598,0
DA:599,0
DA:600,0
DA:605,0
DA:611,0
DA:614,0
DA:616,0
DA:617,0
DA:621,0
DA:632,0
DA:633,0
DA:634,0
DA:638,0
DA:641,0
DA:644,0
DA:654,0
DA:662,0
DA:664,0
DA:667,0
DA:668,0
DA:669,0
DA:670,0
DA:674,0
DA:676,0
DA:679,0
DA:696,0
DA:699,0
DA:702,0
DA:704,0
DA:710,0
DA:725,0
DA:732,0
DA:733,0
DA:744,0
DA:750,0
DA:751,0
DA:761,0
DA:774,0
DA:776,0
DA:781,0
DA:784,0
DA:791,0
DA:794,0
DA:804,0
DA:813,0
DA:817,0
DA:819,0
DA:829,0
DA:830,0
DA:839,0
DA:855,0
DA:856,0
DA:857,0
DA:858,0
DA:861,0
DA:862,0
DA:868,0
LF:192
LH:31
BRDA:111,0,0,0
BRDA:111,0,1,1
BRDA:154,1,0,0
BRDA:203,2,0,0
BRDA:203,2,1,0
BRDA:222,3,0,0
BRDA:222,3,1,0
BRDA:248,4,0,0
BRDA:248,4,1,0
BRDA:249,5,0,0
BRDA:249,5,1,0
BRDA:250,6,0,0
BRDA:250,6,1,0
BRDA:270,7,0,0
BRDA:270,7,1,0
BRDA:273,8,0,0
BRDA:273,8,1,0
BRDA:273,8,2,0
BRDA:273,8,3,0
BRDA:273,8,4,0
BRDA:306,9,0,0
BRDA:306,9,1,0
BRDA:307,10,0,0
BRDA:307,10,1,0
BRDA:307,10,2,0
BRDA:320,11,0,0
BRDA:320,11,1,0
BRDA:336,12,0,0
BRDA:336,12,1,0
BRDA:350,13,0,0
BRDA:366,14,0,0
BRDA:366,14,1,0
BRDA:373,15,0,0
BRDA:373,15,1,0
BRDA:375,16,0,0
BRDA:375,16,1,0
BRDA:408,17,0,0
BRDA:408,17,1,0
BRDA:418,18,0,0
BRDA:418,18,1,0
BRDA:423,19,0,0
BRDA:423,19,1,0
BRDA:439,20,0,0
BRDA:439,20,1,0
BRDA:442,21,0,0
BRDA:442,21,1,0
BRDA:460,22,0,0
BRDA:460,22,1,0
BRDA:460,23,0,0
BRDA:460,23,1,0
BRDA:460,23,2,0
BRDA:476,24,0,0
BRDA:476,24,1,0
BRDA:476,24,2,0
BRDA:476,24,3,0
BRDA:476,24,4,0
BRDA:478,25,0,0
BRDA:478,25,1,0
BRDA:479,26,0,0
BRDA:479,26,1,0
BRDA:505,27,0,0
BRDA:505,27,1,0
BRDA:522,28,0,0
BRDA:522,28,1,0
BRDA:522,29,0,0
BRDA:522,29,1,0
BRDA:526,30,0,0
BRDA:526,30,1,0
BRDA:549,31,0,0
BRDA:549,31,1,0
BRDA:587,32,0,0
BRDA:587,32,1,0
BRDA:588,33,0,0
BRDA:588,33,1,0
BRDA:598,34,0,0
BRDA:598,34,1,0
BRDA:616,35,0,0
BRDA:616,35,1,0
BRDA:638,36,0,0
BRDA:638,36,1,0
BRDA:638,37,0,0
BRDA:638,37,1,0
BRDA:638,37,2,0
BRDA:662,38,0,0
BRDA:662,38,1,0
BRDA:662,39,0,0
BRDA:662,39,1,0
BRDA:662,39,2,0
BRDA:668,40,0,0
BRDA:668,40,1,0
BRDA:674,41,0,0
BRDA:674,41,1,0
BRDA:702,42,0,0
BRDA:702,42,1,0
BRDA:732,43,0,0
BRDA:732,43,1,0
BRDA:750,44,0,0
BRDA:750,44,1,0
BRDA:776,45,0,0
BRDA:776,45,1,0
BRDA:776,46,0,0
BRDA:776,46,1,0
BRDA:776,46,2,0
BRDA:776,46,3,0
BRDA:813,47,0,0
BRDA:813,47,1,0
BRDA:814,48,0,0
BRDA:814,48,1,0
BRDA:814,48,2,0
BRDA:814,48,3,0
BRDA:839,49,0,0
BRDA:839,49,1,0
BRDA:855,50,0,0
BRDA:855,50,1,0
BRDA:857,51,0,0
BRDA:857,51,1,0
BRDA:857,52,0,0
BRDA:857,52,1,0
BRDA:861,53,0,0
BRDA:861,53,1,0
BRDA:865,54,0,0
BRDA:865,54,1,0
BRF:122
BRH:1
end_of_record
TN:
SF:/Users/neilanderson/Projects/tag/src/lib/ajax.js
FNF:0
FNH:0
DA:1,1
DA:2,1
DA:3,1
LF:3
LH:3
BRF:0
BRH:0
end_of_record
TN:
SF:/Users/neilanderson/Projects/tag/src/lib/polyfills.js
FN:2,(anonymous_0)
FN:42,(anonymous_1)
FN:46,(anonymous_2)
FNF:3
FNH:1
FNDA:172,(anonymous_0)
FNDA:0,(anonymous_1)
FNDA:0,(anonymous_2)
DA:2,1
DA:7,172
DA:8,1
DA:11,171
DA:16,171
DA:17,316
DA:19,316
DA:20,316
DA:21,596
DA:22,596
DA:23,128
DA:29,468
DA:36,171
DA:42,1
DA:43,0
DA:44,0
DA:46,0
DA:48,0
LF:18
LH:14
BRDA:7,0,0,1
BRDA:7,0,1,171
BRDA:13,1,0,0
BRDA:13,1,1,171
BRDA:11,2,0,171
BRDA:11,2,1,49
BRDA:11,2,2,2
BRDA:19,3,0,316
BRDA:19,3,1,0
BRDA:19,4,0,316
BRDA:19,4,1,122
BRDA:21,5,0,596
BRDA:21,5,1,0
BRDA:22,6,0,128
BRDA:22,6,1,468
BRDA:22,7,0,596
BRDA:22,7,1,137
BRDA:24,8,0,39
BRDA:24,8,1,89
BRF:19
BRH:16
end_of_record
TN:
SF:/Users/neilanderson/Projects/tag/src/lib/utils.js
FN:1,registerGeneralEvent
FN:4,(anonymous_1)
FN:14,collectRef
FN:15,(anonymous_3)
FN:30,validatePropKeys
FN:31,(anonymous_5)
FN:50,escapeRegExp
FN:54,rawMarkup
FN:64,checkStorage
FN:84,structCompare
FNF:10
FNH:3
FNDA:0,registerGeneralEvent
FNDA:0,(anonymous_1)
FNDA:6,collectRef
FNDA:2,(anonymous_3)
FNDA:0,validatePropKeys
FNDA:0,(anonymous_5)
FNDA:0,escapeRegExp
FNDA:0,rawMarkup
FNDA:10,checkStorage
FNDA:0,structCompare
DA:1,1
DA:2,0
DA:4,0
DA:5,0
DA:6,0
DA:7,0
DA:14,1
DA:15,6
DA:16,2
DA:17,2
DA:19,0
DA:30,1
DA:31,0
DA:34,0
DA:35,0
DA:37,0
DA:50,1
DA:51,0
DA:54,1
DA:55,0
DA:64,1
DA:65,10
DA:66,10
DA:67,10
DA:68,10
DA:69,0
DA:70,0
DA:72,10
DA:84,1
DA:85,0
DA:88,0
DA:89,0
DA:92,0
DA:93,0
DA:94,0
DA:95,0
DA:97,0
DA:98,0
DA:102,0
DA:104,0
DA:106,0
DA:111,0
DA:112,0
DA:118,0
DA:119,0
DA:123,0
LF:46
LH:15
BRDA:6,0,0,0
BRDA:6,0,1,0
BRDA:16,1,0,2
BRDA:16,1,1,0
BRDA:21,2,0,0
BRDA:21,2,1,0
BRDA:35,3,0,0
BRDA:35,3,1,0
BRDA:35,4,0,0
BRDA:35,4,1,0
BRDA:88,5,0,0
BRDA:88,5,1,0
BRDA:88,6,0,0
BRDA:88,6,1,0
BRDA:93,7,0,0
BRDA:93,7,1,0
BRDA:94,8,0,0
BRDA:94,8,1,0
BRDA:95,9,0,0
BRDA:95,9,1,0
BRDA:97,10,0,0
BRDA:97,10,1,0
BRDA:102,11,0,0
BRDA:102,11,1,0
BRDA:111,12,0,0
BRDA:111,12,1,0
BRDA:118,13,0,0
BRDA:118,13,1,0
BRF:28
BRH:1
end_of_record
TN:
SF:/Users/neilanderson/Projects/tag/src/state/actions.js
FN:4,setUIState
FN:11,resetApp
FN:17,completeFirstDrop
FN:23,completeLastDrop
FN:29,setActiveDroplet
FN:36,setDialogMode
FN:46,zoneAddAttachment
FN:56,zoneEditAttachment
FN:65,zoneDetachAttachment
FN:73,zoneClearAllAttachments
FN:79,setTourStage
FN:86,showTooltip
FN:94,hideTooltip
FN:100,setTooltipContent
FNF:14
FNH:2
FNDA:3,setUIState
FNDA:0,resetApp
FNDA:0,completeFirstDrop
FNDA:0,completeLastDrop
FNDA:0,setActiveDroplet
FNDA:0,setDialogMode
FNDA:0,zoneAddAttachment
FNDA:0,zoneEditAttachment
FNDA:0,zoneDetachAttachment
FNDA:0,zoneClearAllAttachments
FNDA:3,setTourStage
FNDA:0,showTooltip
FNDA:0,hideTooltip
FNDA:0,setTooltipContent
DA:1,1
DA:5,3
DA:12,0
DA:18,0
DA:24,0
DA:30,0
DA:37,0
DA:47,0
DA:57,0
DA:66,0
DA:74,0
DA:80,3
DA:87,0
DA:95,0
DA:101,0
LF:15
LH:3
BRDA:36,0,0,0
BRDA:86,1,0,0
BRF:2
BRH:0
end_of_record
TN:
SF:/Users/neilanderson/Projects/tag/src/state/reducers.js
FN:14,app
FN:68,zones
FN:120,UI
FN:192,storeState
FNF:4
FNH:4
FNDA:8,app
FNDA:8,zones
FNDA:8,UI
FNDA:3,storeState
DA:1,1
DA:3,1
DA:4,1
DA:5,1
DA:7,1
DA:8,1
DA:17,8
DA:21,3
DA:23,3
DA:24,3
DA:27,0
DA:30,3
DA:35,3
DA:38,0
DA:43,0
DA:47,0
DA:48,0
DA:52,0
DA:57,0
DA:60,5
DA:69,8
DA:71,8
DA:73,0
DA:74,0
DA:80,0
DA:85,0
DA:88,0
DA:89,0
DA:92,0
DA:96,0
DA:98,0
DA:101,0
DA:104,0
DA:105,0
DA:108,8
DA:111,0
DA:121,8
DA:123,0
DA:136,0
DA:143,0
DA:149,0
DA:150,0
DA:161,0
DA:174,0
DA:184,8
DA:193,3
DA:196,3
DA:197,3
DA:198,3
DA:200,3
DA:202,3
LF:51
LH:24
BRDA:14,0,0,5
BRDA:19,1,0,3
BRDA:19,1,1,0
BRDA:19,1,2,0
BRDA:19,1,3,0
BRDA:19,1,4,5
BRDA:22,2,0,3
BRDA:22,2,1,0
BRDA:47,3,0,0
BRDA:47,3,1,0
BRDA:68,4,0,5
BRDA:72,5,0,0
BRDA:72,5,1,0
BRDA:72,5,2,0
BRDA:72,5,3,0
BRDA:72,5,4,8
BRDA:73,6,0,0
BRDA:73,6,1,0
BRDA:88,7,0,0
BRDA:88,7,1,0
BRDA:96,8,0,0
BRDA:96,8,1,0
BRDA:96,9,0,0
BRDA:96,9,1,0
BRDA:120,10,0,5
BRDA:122,11,0,0
BRDA:122,11,1,0
BRDA:122,11,2,0
BRDA:122,11,3,0
BRDA:122,11,4,0
BRDA:122,11,5,0
BRDA:122,11,6,8
BRDA:129,12,0,0
BRDA:129,12,1,0
BRDA:149,13,0,0
BRDA:149,13,1,0
BRF:36
BRH:8
end_of_record
